<?xml version="1.0" encoding="UTF-8"?>
<!-- Generated by org.testng.reporters.JUnitXMLReporter -->
<testsuite ignored="0" hostname="rohit1" failures="0" tests="5" name="Test" time="14.072" errors="0" timestamp="2026-03-30T19:27:02 IST">
  <testcase classname="TestFiles.TestSteps" name="login" time="0.43"/>
  <testcase classname="TestFiles.TestSteps" name="addClientTest" time="7.744"/>
  <testcase classname="TestFiles.TestSteps" name="openProcessMasterTest" time="0.768"/>
  <testcase classname="TestFiles.TestSteps" name="addProcessTest" time="0.288"/>
  <testcase classname="TestFiles.TestSteps" name="selectclientdropdown" time="1.145"/>
</testsuite> <!-- Test -->
