<?xml version="1.0" encoding="UTF-8"?>
<testng-results ignored="0" total="1" passed="1" failed="0" skipped="0">
  <reporter-output>
  </reporter-output>
  <suite started-at="2026-03-24T11:21:20 IST" name="Suite" finished-at="2026-03-24T11:21:27 IST" duration-ms="7182">
    <groups>
    </groups>
    <test started-at="2026-03-24T11:21:20 IST" name="Test" finished-at="2026-03-24T11:21:27 IST" duration-ms="7182">
      <class name="TestFiles.TestSteps">
        <test-method is-config="true" signature="setup(java.lang.String)[pri:0, instance:TestFiles.TestSteps@6743e411]" started-at="2026-03-24T11:21:20 IST" name="setup" finished-at="2026-03-24T11:21:27 IST" duration-ms="6667" status="PASS">
          <params>
            <param index="0">
              <value>
                <![CDATA[http://192.168.10.64:1111]]>
              </value>
            </param>
          </params>
          <reporter-output>
          </reporter-output>
        </test-method> <!-- setup -->
        <test-method signature="login()[pri:1, instance:TestFiles.TestSteps@6743e411]" started-at="2026-03-24T11:21:27 IST" name="login" finished-at="2026-03-24T11:21:27 IST" duration-ms="424" status="PASS">
          <reporter-output>
          </reporter-output>
        </test-method> <!-- login -->
      </class> <!-- TestFiles.TestSteps -->
    </test> <!-- Test -->
  </suite> <!-- Suite -->
</testng-results>
