<?xml version="1.0" encoding="UTF-8"?>
<testng-results ignored="0" total="5" passed="5" failed="0" skipped="0">
  <reporter-output>
  </reporter-output>
  <suite started-at="2026-03-30T19:26:48 IST" name="Suite" finished-at="2026-03-30T19:27:02 IST" duration-ms="14072">
    <groups>
    </groups>
    <test started-at="2026-03-30T19:26:48 IST" name="Test" finished-at="2026-03-30T19:27:02 IST" duration-ms="14072">
      <class name="TestFiles.TestSteps">
        <test-method is-config="true" signature="setup(java.lang.String)[pri:0, instance:TestFiles.TestSteps@445b295b]" started-at="2026-03-30T19:26:48 IST" name="setup" finished-at="2026-03-30T19:26:52 IST" duration-ms="3629" status="PASS">
          <params>
            <param index="0">
              <value>
                <![CDATA[http://192.168.10.64:1111]]>
              </value>
            </param>
          </params>
          <reporter-output>
          </reporter-output>
        </test-method> <!-- setup -->
        <test-method signature="login()[pri:1, instance:TestFiles.TestSteps@445b295b]" started-at="2026-03-30T19:26:52 IST" name="login" finished-at="2026-03-30T19:26:52 IST" duration-ms="430" status="PASS">
          <reporter-output>
          </reporter-output>
        </test-method> <!-- login -->
        <test-method signature="addClientTest()[pri:2, instance:TestFiles.TestSteps@445b295b]" started-at="2026-03-30T19:26:52 IST" name="addClientTest" finished-at="2026-03-30T19:27:00 IST" duration-ms="7744" status="PASS">
          <reporter-output>
          </reporter-output>
        </test-method> <!-- addClientTest -->
        <test-method signature="openProcessMasterTest()[pri:3, instance:TestFiles.TestSteps@445b295b]" started-at="2026-03-30T19:27:00 IST" name="openProcessMasterTest" finished-at="2026-03-30T19:27:01 IST" duration-ms="768" status="PASS">
          <reporter-output>
          </reporter-output>
        </test-method> <!-- openProcessMasterTest -->
        <test-method signature="addProcessTest()[pri:4, instance:TestFiles.TestSteps@445b295b]" started-at="2026-03-30T19:27:01 IST" name="addProcessTest" finished-at="2026-03-30T19:27:01 IST" depends-on-methods="TestFiles.TestSteps.openProcessMasterTest" duration-ms="288" status="PASS">
          <reporter-output>
          </reporter-output>
        </test-method> <!-- addProcessTest -->
        <test-method signature="selectclientdropdown()[pri:5, instance:TestFiles.TestSteps@445b295b]" started-at="2026-03-30T19:27:01 IST" name="selectclientdropdown" finished-at="2026-03-30T19:27:02 IST" duration-ms="1145" status="PASS">
          <reporter-output>
          </reporter-output>
        </test-method> <!-- selectclientdropdown -->
      </class> <!-- TestFiles.TestSteps -->
    </test> <!-- Test -->
  </suite> <!-- Suite -->
</testng-results>
